The system is: Linux - 6.2.8-100.fc36.x86_64 - x86_64
Compiling the C compiler identification source file "CMakeCCompilerId.c" succeeded.
Compiler: /usr/lib64/ccache/cc 
Build flags: 
Id flags:  

The output was:
0


Compilation of the C compiler identification source "CMakeCCompilerId.c" produced "a.out"

The C compiler identification is GNU, found in "/home/kevin/CLionProjects/httpServer1/cmake-build-debug/CMakeFiles/3.23.2/CompilerIdC/a.out"

Detecting C compiler ABI info compiled with the following output:
Change Dir: /home/kevin/CLionProjects/httpServer1/cmake-build-debug/CMakeFiles/CMakeTmp

Run Build Command(s):/usr/bin/gmake -f Makefile cmTC_403fa/fast && /usr/bin/gmake  -f CMakeFiles/cmTC_403fa.dir/build.make CMakeFiles/cmTC_403fa.dir/build
gmake[1]: Entering directory '/home/kevin/CLionProjects/httpServer1/cmake-build-debug/CMakeFiles/CMakeTmp'
Building C object CMakeFiles/cmTC_403fa.dir/CMakeCCompilerABI.c.o
/usr/lib64/ccache/cc   -v -o CMakeFiles/cmTC_403fa.dir/CMakeCCompilerABI.c.o -c /home/kevin/.local/share/JetBrains/Toolbox/apps/CLion/ch-0/222.4167.35/bin/cmake/linux/share/cmake-3.23/Modules/CMakeCCompilerABI.c
Using built-in specs.
COLLECT_GCC=/usr/bin/cc
OFFLOAD_TARGET_NAMES=nvptx-none
OFFLOAD_TARGET_DEFAULT=1
Target: x86_64-redhat-linux
Configured with: ../configure --enable-bootstrap --enable-languages=c,c++,fortran,objc,obj-c++,ada,go,d,lto --prefix=/usr --mandir=/usr/share/man --infodir=/usr/share/info --with-bugurl=http://bugzilla.redhat.com/bugzilla --enable-shared --enable-threads=posix --enable-checking=release --enable-multilib --with-system-zlib --enable-__cxa_atexit --disable-libunwind-exceptions --enable-gnu-unique-object --enable-linker-build-id --with-gcc-major-version-only --enable-libstdcxx-backtrace --with-linker-hash-style=gnu --enable-plugin --enable-initfini-array --with-isl=/builddir/build/BUILD/gcc-12.2.1-20221121/obj-x86_64-redhat-linux/isl-install --enable-offload-targets=nvptx-none --without-cuda-driver --enable-offload-defaulted --enable-gnu-indirect-function --enable-cet --with-tune=generic --with-arch_32=i686 --build=x86_64-redhat-linux --with-build-config=bootstrap-lto --enable-link-serialization=1
Thread model: posix
Supported LTO compression algorithms: zlib zstd
gcc version 12.2.1 20221121 (Red Hat 12.2.1-4) (GCC) 
COLLECT_GCC_OPTIONS='-fdiagnostics-color=always' '-v' '-c' '-o' 'CMakeFiles/cmTC_8e6f2.dir/CMakeCCompilerABI.c.o' '-mtune=generic' '-march=x86-64' '-dumpdir' 'CMakeFiles/cmTC_8e6f2.dir/'
 /usr/libexec/gcc/x86_64-redhat-linux/12/cc1 -quiet -v /home/kevin/.local/share/JetBrains/Toolbox/apps/CLion/ch-0/222.4167.35/bin/cmake/linux/share/cmake-3.23/Modules/CMakeCCompilerABI.c -quiet -dumpdir CMakeFiles/cmTC_8e6f2.dir/ -dumpbase CMakeCCompilerABI.c.c -dumpbase-ext .c -mtune=generic -march=x86-64 -version -fdiagnostics-color=always -o /tmp/ccO3xThW.s
GNU C17 (GCC) version 12.2.1 20221121 (Red Hat 12.2.1-4) (x86_64-redhat-linux)
	compiled by GNU C version 12.2.1 20221121 (Red Hat 12.2.1-4), GMP version 6.2.1, MPFR version 4.1.0-p13, MPC version 1.2.1, isl version isl-0.24-GMP

GGC heuristics: --param ggc-min-expand=100 --param ggc-min-heapsize=131072
ignoring nonexistent directory "/usr/lib/gcc/x86_64-redhat-linux/12/include-fixed"
ignoring nonexistent directory "/usr/lib/gcc/x86_64-redhat-linux/12/../../../../x86_64-redhat-linux/include"
#include "..." search starts here:
#include <...> search starts here:
 /usr/lib/gcc/x86_64-redhat-linux/12/include
 /usr/local/include
 /usr/include
End of search list.
GNU C17 (GCC) version 12.2.1 20221121 (Red Hat 12.2.1-4) (x86_64-redhat-linux)
	compiled by GNU C version 12.2.1 20221121 (Red Hat 12.2.1-4), GMP version 6.2.1, MPFR version 4.1.0-p13, MPC version 1.2.1, isl version isl-0.24-GMP

GGC heuristics: --param ggc-min-expand=100 --param ggc-min-heapsize=131072
Compiler executable checksum: 2dc77a3908f8aaed47471452c81e16ba
COLLECT_GCC_OPTIONS='-fdiagnostics-color=always' '-v' '-c' '-o' 'CMakeFiles/cmTC_8e6f2.dir/CMakeCCompilerABI.c.o' '-mtune=generic' '-march=x86-64' '-dumpdir' 'CMakeFiles/cmTC_8e6f2.dir/'
 as -v --64 -o CMakeFiles/cmTC_8e6f2.dir/CMakeCCompilerABI.c.o /tmp/ccO3xThW.s
GNU assembler version 2.37 (x86_64-redhat-linux) using BFD version version 2.37-37.fc36
COMPILER_PATH=/usr/libexec/gcc/x86_64-redhat-linux/12/:/usr/libexec/gcc/x86_64-redhat-linux/12/:/usr/libexec/gcc/x86_64-redhat-linux/:/usr/lib/gcc/x86_64-redhat-linux/12/:/usr/lib/gcc/x86_64-redhat-linux/
LIBRARY_PATH=/usr/lib/gcc/x86_64-redhat-linux/12/:/usr/lib/gcc/x86_64-redhat-linux/12/../../../../lib64/:/lib/../lib64/:/usr/lib/../lib64/:/usr/lib/gcc/x86_64-redhat-linux/12/../../../:/lib/:/usr/lib/
COLLECT_GCC_OPTIONS='-fdiagnostics-color=always' '-v' '-c' '-o' 'CMakeFiles/cmTC_8e6f2.dir/CMakeCCompilerABI.c.o' '-mtune=generic' '-march=x86-64' '-dumpdir' 'CMakeFiles/cmTC_8e6f2.dir/CMakeCCompilerABI.c.'
Linking C executable cmTC_403fa
/home/kevin/.local/share/JetBrains/Toolbox/apps/CLion/ch-0/222.4167.35/bin/cmake/linux/bin/cmake -E cmake_link_script CMakeFiles/cmTC_403fa.dir/link.txt --verbose=1
/usr/lib64/ccache/cc  -v CMakeFiles/cmTC_403fa.dir/CMakeCCompilerABI.c.o -o cmTC_403fa 
Using built-in specs.
COLLECT_GCC=/usr/bin/cc
COLLECT_LTO_WRAPPER=/usr/libexec/gcc/x86_64-redhat-linux/12/lto-wrapper
OFFLOAD_TARGET_NAMES=nvptx-none
OFFLOAD_TARGET_DEFAULT=1
Target: x86_64-redhat-linux
Configured with: ../configure --enable-bootstrap --enable-languages=c,c++,fortran,objc,obj-c++,ada,go,d,lto --prefix=/usr --mandir=/usr/share/man --infodir=/usr/share/info --with-bugurl=http://bugzilla.redhat.com/bugzilla --enable-shared --enable-threads=posix --enable-checking=release --enable-multilib --with-system-zlib --enable-__cxa_atexit --disable-libunwind-exceptions --enable-gnu-unique-object --enable-linker-build-id --with-gcc-major-version-only --enable-libstdcxx-backtrace --with-linker-hash-style=gnu --enable-plugin --enable-initfini-array --with-isl=/builddir/build/BUILD/gcc-12.2.1-20221121/obj-x86_64-redhat-linux/isl-install --enable-offload-targets=nvptx-none --without-cuda-driver --enable-offload-defaulted --enable-gnu-indirect-function --enable-cet --with-tune=generic --with-arch_32=i686 --build=x86_64-redhat-linux --with-build-config=bootstrap-lto --enable-link-serialization=1
Thread model: posix
Supported LTO compression algorithms: zlib zstd
gcc version 12.2.1 20221121 (Red Hat 12.2.1-4) (GCC) 
COMPILER_PATH=/usr/libexec/gcc/x86_64-redhat-linux/12/:/usr/libexec/gcc/x86_64-redhat-linux/12/:/usr/libexec/gcc/x86_64-redhat-linux/:/usr/lib/gcc/x86_64-redhat-linux/12/:/usr/lib/gcc/x86_64-redhat-linux/
LIBRARY_PATH=/usr/lib/gcc/x86_64-redhat-linux/12/:/usr/lib/gcc/x86_64-redhat-linux/12/../../../../lib64/:/lib/../lib64/:/usr/lib/../lib64/:/usr/lib/gcc/x86_64-redhat-linux/12/../../../:/lib/:/usr/lib/
COLLECT_GCC_OPTIONS='-v' '-o' 'cmTC_403fa' '-mtune=generic' '-march=x86-64' '-dumpdir' 'cmTC_403fa.'
 /usr/libexec/gcc/x86_64-redhat-linux/12/collect2 -plugin /usr/libexec/gcc/x86_64-redhat-linux/12/liblto_plugin.so -plugin-opt=/usr/libexec/gcc/x86_64-redhat-linux/12/lto-wrapper -plugin-opt=-fresolution=/tmp/cc1hfvKZ.res -plugin-opt=-pass-through=-lgcc -plugin-opt=-pass-through=-lgcc_s -plugin-opt=-pass-through=-lc -plugin-opt=-pass-through=-lgcc -plugin-opt=-pass-through=-lgcc_s --build-id --no-add-needed --eh-frame-hdr --hash-style=gnu -m elf_x86_64 -dynamic-linker /lib64/ld-linux-x86-64.so.2 -o cmTC_403fa /usr/lib/gcc/x86_64-redhat-linux/12/../../../../lib64/crt1.o /usr/lib/gcc/x86_64-redhat-linux/12/../../../../lib64/crti.o /usr/lib/gcc/x86_64-redhat-linux/12/crtbegin.o -L/usr/lib/gcc/x86_64-redhat-linux/12 -L/usr/lib/gcc/x86_64-redhat-linux/12/../../../../lib64 -L/lib/../lib64 -L/usr/lib/../lib64 -L/usr/lib/gcc/x86_64-redhat-linux/12/../../.. CMakeFiles/cmTC_403fa.dir/CMakeCCompilerABI.c.o -lgcc --push-state --as-needed -lgcc_s --pop-state -lc -lgcc --push-state --as-needed -lgcc_s --pop-state /usr/lib/gcc/x86_64-redhat-linux/12/crtend.o /usr/lib/gcc/x86_64-redhat-linux/12/../../../../lib64/crtn.o
COLLECT_GCC_OPTIONS='-v' '-o' 'cmTC_403fa' '-mtune=generic' '-march=x86-64' '-dumpdir' 'cmTC_403fa.'
gmake[1]: Leaving directory '/home/kevin/CLionProjects/httpServer1/cmake-build-debug/CMakeFiles/CMakeTmp'



Parsed C implicit include dir info from above output: rv=done
  found start of include info
  found start of implicit include info
    add: [/usr/lib/gcc/x86_64-redhat-linux/12/include]
    add: [/usr/local/include]
    add: [/usr/include]
  end of search list found
  collapse include dir [/usr/lib/gcc/x86_64-redhat-linux/12/include] ==> [/usr/lib/gcc/x86_64-redhat-linux/12/include]
  collapse include dir [/usr/local/include] ==> [/usr/local/include]
  collapse include dir [/usr/include] ==> [/usr/include]
  implicit include dirs: [/usr/lib/gcc/x86_64-redhat-linux/12/include;/usr/local/include;/usr/include]


Parsed C implicit link information from above output:
  link line regex: [^( *|.*[/\])(ld|CMAKE_LINK_STARTFILE-NOTFOUND|([^/\]+-)?ld|collect2)[^/\]*( |$)]
  ignore line: [Change Dir: /home/kevin/CLionProjects/httpServer1/cmake-build-debug/CMakeFiles/CMakeTmp]
  ignore line: []
  ignore line: [Run Build Command(s):/usr/bin/gmake -f Makefile cmTC_403fa/fast && /usr/bin/gmake  -f CMakeFiles/cmTC_403fa.dir/build.make CMakeFiles/cmTC_403fa.dir/build]
  ignore line: [gmake[1]: Entering directory '/home/kevin/CLionProjects/httpServer1/cmake-build-debug/CMakeFiles/CMakeTmp']
  ignore line: [Building C object CMakeFiles/cmTC_403fa.dir/CMakeCCompilerABI.c.o]
  ignore line: [/usr/lib64/ccache/cc   -v -o CMakeFiles/cmTC_403fa.dir/CMakeCCompilerABI.c.o -c /home/kevin/.local/share/JetBrains/Toolbox/apps/CLion/ch-0/222.4167.35/bin/cmake/linux/share/cmake-3.23/Modules/CMakeCCompilerABI.c]
  ignore line: [Using built-in specs.]
  ignore line: [COLLECT_GCC=/usr/bin/cc]
  ignore line: [OFFLOAD_TARGET_NAMES=nvptx-none]
  ignore line: [OFFLOAD_TARGET_DEFAULT=1]
  ignore line: [Target: x86_64-redhat-linux]
  ignore line: [Configured with: ../configure --enable-bootstrap --enable-languages=c c++ fortran objc obj-c++ ada go d lto --prefix=/usr --mandir=/usr/share/man --infodir=/usr/share/info --with-bugurl=http://bugzilla.redhat.com/bugzilla --enable-shared --enable-threads=posix --enable-checking=release --enable-multilib --with-system-zlib --enable-__cxa_atexit --disable-libunwind-exceptions --enable-gnu-unique-object --enable-linker-build-id --with-gcc-major-version-only --enable-libstdcxx-backtrace --with-linker-hash-style=gnu --enable-plugin --enable-initfini-array --with-isl=/builddir/build/BUILD/gcc-12.2.1-20221121/obj-x86_64-redhat-linux/isl-install --enable-offload-targets=nvptx-none --without-cuda-driver --enable-offload-defaulted --enable-gnu-indirect-function --enable-cet --with-tune=generic --with-arch_32=i686 --build=x86_64-redhat-linux --with-build-config=bootstrap-lto --enable-link-serialization=1]
  ignore line: [Thread model: posix]
  ignore line: [Supported LTO compression algorithms: zlib zstd]
  ignore line: [gcc version 12.2.1 20221121 (Red Hat 12.2.1-4) (GCC) ]
  ignore line: [COLLECT_GCC_OPTIONS='-fdiagnostics-color=always' '-v' '-c' '-o' 'CMakeFiles/cmTC_8e6f2.dir/CMakeCCompilerABI.c.o' '-mtune=generic' '-march=x86-64' '-dumpdir' 'CMakeFiles/cmTC_8e6f2.dir/']
  ignore line: [ /usr/libexec/gcc/x86_64-redhat-linux/12/cc1 -quiet -v /home/kevin/.local/share/JetBrains/Toolbox/apps/CLion/ch-0/222.4167.35/bin/cmake/linux/share/cmake-3.23/Modules/CMakeCCompilerABI.c -quiet -dumpdir CMakeFiles/cmTC_8e6f2.dir/ -dumpbase CMakeCCompilerABI.c.c -dumpbase-ext .c -mtune=generic -march=x86-64 -version -fdiagnostics-color=always -o /tmp/ccO3xThW.s]
  ignore line: [GNU C17 (GCC) version 12.2.1 20221121 (Red Hat 12.2.1-4) (x86_64-redhat-linux)]
  ignore line: [	compiled by GNU C version 12.2.1 20221121 (Red Hat 12.2.1-4)  GMP version 6.2.1  MPFR version 4.1.0-p13  MPC version 1.2.1  isl version isl-0.24-GMP]
  ignore line: []
  ignore line: [GGC heuristics: --param ggc-min-expand=100 --param ggc-min-heapsize=131072]
  ignore line: [ignoring nonexistent directory "/usr/lib/gcc/x86_64-redhat-linux/12/include-fixed"]
  ignore line: [ignoring nonexistent directory "/usr/lib/gcc/x86_64-redhat-linux/12/../../../../x86_64-redhat-linux/include"]
  ignore line: [#include "..." search starts here:]
  ignore line: [#include <...> search starts here:]
  ignore line: [ /usr/lib/gcc/x86_64-redhat-linux/12/include]
  ignore line: [ /usr/local/include]
  ignore line: [ /usr/include]
  ignore line: [End of search list.]
  ignore line: [GNU C17 (GCC) version 12.2.1 20221121 (Red Hat 12.2.1-4) (x86_64-redhat-linux)]
  ignore line: [	compiled by GNU C version 12.2.1 20221121 (Red Hat 12.2.1-4)  GMP version 6.2.1  MPFR version 4.1.0-p13  MPC version 1.2.1  isl version isl-0.24-GMP]
  ignore line: []
  ignore line: [GGC heuristics: --param ggc-min-expand=100 --param ggc-min-heapsize=131072]
  ignore line: [Compiler executable checksum: 2dc77a3908f8aaed47471452c81e16ba]
  ignore line: [COLLECT_GCC_OPTIONS='-fdiagnostics-color=always' '-v' '-c' '-o' 'CMakeFiles/cmTC_8e6f2.dir/CMakeCCompilerABI.c.o' '-mtune=generic' '-march=x86-64' '-dumpdir' 'CMakeFiles/cmTC_8e6f2.dir/']
  ignore line: [ as -v --64 -o CMakeFiles/cmTC_8e6f2.dir/CMakeCCompilerABI.c.o /tmp/ccO3xThW.s]
  ignore line: [GNU assembler version 2.37 (x86_64-redhat-linux) using BFD version version 2.37-37.fc36]
  ignore line: [COMPILER_PATH=/usr/libexec/gcc/x86_64-redhat-linux/12/:/usr/libexec/gcc/x86_64-redhat-linux/12/:/usr/libexec/gcc/x86_64-redhat-linux/:/usr/lib/gcc/x86_64-redhat-linux/12/:/usr/lib/gcc/x86_64-redhat-linux/]
  ignore line: [LIBRARY_PATH=/usr/lib/gcc/x86_64-redhat-linux/12/:/usr/lib/gcc/x86_64-redhat-linux/12/../../../../lib64/:/lib/../lib64/:/usr/lib/../lib64/:/usr/lib/gcc/x86_64-redhat-linux/12/../../../:/lib/:/usr/lib/]
  ignore line: [COLLECT_GCC_OPTIONS='-fdiagnostics-color=always' '-v' '-c' '-o' 'CMakeFiles/cmTC_8e6f2.dir/CMakeCCompilerABI.c.o' '-mtune=generic' '-march=x86-64' '-dumpdir' 'CMakeFiles/cmTC_8e6f2.dir/CMakeCCompilerABI.c.']
  ignore line: [Linking C executable cmTC_403fa]
  ignore line: [/home/kevin/.local/share/JetBrains/Toolbox/apps/CLion/ch-0/222.4167.35/bin/cmake/linux/bin/cmake -E cmake_link_script CMakeFiles/cmTC_403fa.dir/link.txt --verbose=1]
  ignore line: [/usr/lib64/ccache/cc  -v CMakeFiles/cmTC_403fa.dir/CMakeCCompilerABI.c.o -o cmTC_403fa ]
  ignore line: [Using built-in specs.]
  ignore line: [COLLECT_GCC=/usr/bin/cc]
  ignore line: [COLLECT_LTO_WRAPPER=/usr/libexec/gcc/x86_64-redhat-linux/12/lto-wrapper]
  ignore line: [OFFLOAD_TARGET_NAMES=nvptx-none]
  ignore line: [OFFLOAD_TARGET_DEFAULT=1]
  ignore line: [Target: x86_64-redhat-linux]
  ignore line: [Configured with: ../configure --enable-bootstrap --enable-languages=c c++ fortran objc obj-c++ ada go d lto --prefix=/usr --mandir=/usr/share/man --infodir=/usr/share/info --with-bugurl=http://bugzilla.redhat.com/bugzilla --enable-shared --enable-threads=posix --enable-checking=release --enable-multilib --with-system-zlib --enable-__cxa_atexit --disable-libunwind-exceptions --enable-gnu-unique-object --enable-linker-build-id --with-gcc-major-version-only --enable-libstdcxx-backtrace --with-linker-hash-style=gnu --enable-plugin --enable-initfini-array --with-isl=/builddir/build/BUILD/gcc-12.2.1-20221121/obj-x86_64-redhat-linux/isl-install --enable-offload-targets=nvptx-none --without-cuda-driver --enable-offload-defaulted --enable-gnu-indirect-function --enable-cet --with-tune=generic --with-arch_32=i686 --build=x86_64-redhat-linux --with-build-config=bootstrap-lto --enable-link-serialization=1]
  ignore line: [Thread model: posix]
  ignore line: [Supported LTO compression algorithms: zlib zstd]
  ignore line: [gcc version 12.2.1 20221121 (Red Hat 12.2.1-4) (GCC) ]
  ignore line: [COMPILER_PATH=/usr/libexec/gcc/x86_64-redhat-linux/12/:/usr/libexec/gcc/x86_64-redhat-linux/12/:/usr/libexec/gcc/x86_64-redhat-linux/:/usr/lib/gcc/x86_64-redhat-linux/12/:/usr/lib/gcc/x86_64-redhat-linux/]
  ignore line: [LIBRARY_PATH=/usr/lib/gcc/x86_64-redhat-linux/12/:/usr/lib/gcc/x86_64-redhat-linux/12/../../../../lib64/:/lib/../lib64/:/usr/lib/../lib64/:/usr/lib/gcc/x86_64-redhat-linux/12/../../../:/lib/:/usr/lib/]
  ignore line: [COLLECT_GCC_OPTIONS='-v' '-o' 'cmTC_403fa' '-mtune=generic' '-march=x86-64' '-dumpdir' 'cmTC_403fa.']
  link line: [ /usr/libexec/gcc/x86_64-redhat-linux/12/collect2 -plugin /usr/libexec/gcc/x86_64-redhat-linux/12/liblto_plugin.so -plugin-opt=/usr/libexec/gcc/x86_64-redhat-linux/12/lto-wrapper -plugin-opt=-fresolution=/tmp/cc1hfvKZ.res -plugin-opt=-pass-through=-lgcc -plugin-opt=-pass-through=-lgcc_s -plugin-opt=-pass-through=-lc -plugin-opt=-pass-through=-lgcc -plugin-opt=-pass-through=-lgcc_s --build-id --no-add-needed --eh-frame-hdr --hash-style=gnu -m elf_x86_64 -dynamic-linker /lib64/ld-linux-x86-64.so.2 -o cmTC_403fa /usr/lib/gcc/x86_64-redhat-linux/12/../../../../lib64/crt1.o /usr/lib/gcc/x86_64-redhat-linux/12/../../../../lib64/crti.o /usr/lib/gcc/x86_64-redhat-linux/12/crtbegin.o -L/usr/lib/gcc/x86_64-redhat-linux/12 -L/usr/lib/gcc/x86_64-redhat-linux/12/../../../../lib64 -L/lib/../lib64 -L/usr/lib/../lib64 -L/usr/lib/gcc/x86_64-redhat-linux/12/../../.. CMakeFiles/cmTC_403fa.dir/CMakeCCompilerABI.c.o -lgcc --push-state --as-needed -lgcc_s --pop-state -lc -lgcc --push-state --as-needed -lgcc_s --pop-state /usr/lib/gcc/x86_64-redhat-linux/12/crtend.o /usr/lib/gcc/x86_64-redhat-linux/12/../../../../lib64/crtn.o]
    arg [/usr/libexec/gcc/x86_64-redhat-linux/12/collect2] ==> ignore
    arg [-plugin] ==> ignore
    arg [/usr/libexec/gcc/x86_64-redhat-linux/12/liblto_plugin.so] ==> ignore
    arg [-plugin-opt=/usr/libexec/gcc/x86_64-redhat-linux/12/lto-wrapper] ==> ignore
    arg [-plugin-opt=-fresolution=/tmp/cc1hfvKZ.res] ==> ignore
    arg [-plugin-opt=-pass-through=-lgcc] ==> ignore
    arg [-plugin-opt=-pass-through=-lgcc_s] ==> ignore
    arg [-plugin-opt=-pass-through=-lc] ==> ignore
    arg [-plugin-opt=-pass-through=-lgcc] ==> ignore
    arg [-plugin-opt=-pass-through=-lgcc_s] ==> ignore
    arg [--build-id] ==> ignore
    arg [--no-add-needed] ==> ignore
    arg [--eh-frame-hdr] ==> ignore
    arg [--hash-style=gnu] ==> ignore
    arg [-m] ==> ignore
    arg [elf_x86_64] ==> ignore
    arg [-dynamic-linker] ==> ignore
    arg [/lib64/ld-linux-x86-64.so.2] ==> ignore
    arg [-o] ==> ignore
    arg [cmTC_403fa] ==> ignore
    arg [/usr/lib/gcc/x86_64-redhat-linux/12/../../../../lib64/crt1.o] ==> obj [/usr/lib/gcc/x86_64-redhat-linux/12/../../../../lib64/crt1.o]
    arg [/usr/lib/gcc/x86_64-redhat-linux/12/../../../../lib64/crti.o] ==> obj [/usr/lib/gcc/x86_64-redhat-linux/12/../../../../lib64/crti.o]
    arg [/usr/lib/gcc/x86_64-redhat-linux/12/crtbegin.o] ==> obj [/usr/lib/gcc/x86_64-redhat-linux/12/crtbegin.o]
    arg [-L/usr/lib/gcc/x86_64-redhat-linux/12] ==> dir [/usr/lib/gcc/x86_64-redhat-linux/12]
    arg [-L/usr/lib/gcc/x86_64-redhat-linux/12/../../../../lib64] ==> dir [/usr/lib/gcc/x86_64-redhat-linux/12/../../../../lib64]
    arg [-L/lib/../lib64] ==> dir [/lib/../lib64]
    arg [-L/usr/lib/../lib64] ==> dir [/usr/lib/../lib64]
    arg [-L/usr/lib/gcc/x86_64-redhat-linux/12/../../..] ==> dir [/usr/lib/gcc/x86_64-redhat-linux/12/../../..]
    arg [CMakeFiles/cmTC_403fa.dir/CMakeCCompilerABI.c.o] ==> ignore
    arg [-lgcc] ==> lib [gcc]
    arg [--push-state] ==> ignore
    arg [--as-needed] ==> ignore
    arg [-lgcc_s] ==> lib [gcc_s]
    arg [--pop-state] ==> ignore
    arg [-lc] ==> lib [c]
    arg [-lgcc] ==> lib [gcc]
    arg [--push-state] ==> ignore
    arg [--as-needed] ==> ignore
    arg [-lgcc_s] ==> lib [gcc_s]
    arg [--pop-state] ==> ignore
    arg [/usr/lib/gcc/x86_64-redhat-linux/12/crtend.o] ==> obj [/usr/lib/gcc/x86_64-redhat-linux/12/crtend.o]
    arg [/usr/lib/gcc/x86_64-redhat-linux/12/../../../../lib64/crtn.o] ==> obj [/usr/lib/gcc/x86_64-redhat-linux/12/../../../../lib64/crtn.o]
  collapse obj [/usr/lib/gcc/x86_64-redhat-linux/12/../../../../lib64/crt1.o] ==> [/usr/lib64/crt1.o]
  collapse obj [/usr/lib/gcc/x86_64-redhat-linux/12/../../../../lib64/crti.o] ==> [/usr/lib64/crti.o]
  collapse obj [/usr/lib/gcc/x86_64-redhat-linux/12/../../../../lib64/crtn.o] ==> [/usr/lib64/crtn.o]
  collapse library dir [/usr/lib/gcc/x86_64-redhat-linux/12] ==> [/usr/lib/gcc/x86_64-redhat-linux/12]
  collapse library dir [/usr/lib/gcc/x86_64-redhat-linux/12/../../../../lib64] ==> [/usr/lib64]
  collapse library dir [/lib/../lib64] ==> [/lib64]
  collapse library dir [/usr/lib/../lib64] ==> [/usr/lib64]
  collapse library dir [/usr/lib/gcc/x86_64-redhat-linux/12/../../..] ==> [/usr/lib]
  implicit libs: [gcc;gcc_s;c;gcc;gcc_s]
  implicit objs: [/usr/lib64/crt1.o;/usr/lib64/crti.o;/usr/lib/gcc/x86_64-redhat-linux/12/crtbegin.o;/usr/lib/gcc/x86_64-redhat-linux/12/crtend.o;/usr/lib64/crtn.o]
  implicit dirs: [/usr/lib/gcc/x86_64-redhat-linux/12;/usr/lib64;/lib64;/usr/lib]
  implicit fwks: []


